Using pre-set license
Built from '2020.3/release' branch; Version is '2020.3.1f1 (77a89f25062f) revision 7841951'; Using compiler version '192528614'; Build Type 'Release'
OS: 'Windows 10 Home; OS build 19043.1348; Version 2009; 64bit' Language: 'ko' Physical Memory: 65485 MB
BatchMode: 1, IsHumanControllingUs: 0, StartBugReporterOnCrash: 0, Is64bit: 1, IsPro: 0

 COMMAND LINE ARGUMENTS:
C:\Program Files\Unity\Hub\Editor\2020.3.1f1\Editor\Unity.exe
-adb2
-batchMode
-noUpm
-name
AssetImportWorker1
-projectPath
E:/dev/unity/metro
-logFile
Logs/AssetImportWorker1.log
-srvPort
2559
Successfully changed project path to: E:/dev/unity/metro
E:/dev/unity/metro
Using Asset Import Pipeline V2.
Refreshing native plugins compatible for Editor in 49.17 ms, found 3 plugins.
Preloading 0 native plugins for Editor in 0.00 ms.
Initialize engine version: 2020.3.1f1 (77a89f25062f)
[Subsystems] Discovering subsystems at path C:/Program Files/Unity/Hub/Editor/2020.3.1f1/Editor/Data/Resources/UnitySubsystems
[Subsystems] Discovering subsystems at path E:/dev/unity/metro/Assets
GfxDevice: creating device client; threaded=0
Direct3D:
    Version:  Direct3D 11.0 [level 11.1]
    Renderer: NVIDIA GeForce RTX 2070 SUPER (ID=0x1e84)
    Vendor:   
    VRAM:     8011 MB
    Driver:   30.0.14.7111
Initialize mono
Mono path[0] = 'C:/Program Files/Unity/Hub/Editor/2020.3.1f1/Editor/Data/Managed'
Mono path[1] = 'C:/Program Files/Unity/Hub/Editor/2020.3.1f1/Editor/Data/MonoBleedingEdge/lib/mono/unityjit'
Mono config path = 'C:/Program Files/Unity/Hub/Editor/2020.3.1f1/Editor/Data/MonoBleedingEdge/etc'
Using monoOptions --debugger-agent=transport=dt_socket,embedding=1,server=y,suspend=n,address=127.0.0.1:56080
Begin MonoManager ReloadAssembly
Registering precompiled unity dll's ...
Register platform support module: C:/Program Files/Unity/Hub/Editor/2020.3.1f1/Editor/Data/PlaybackEngines/WebGLSupport/UnityEditor.WebGL.Extensions.dll
Register platform support module: C:/Program Files/Unity/Hub/Editor/2020.3.1f1/Editor/Data/PlaybackEngines/WindowsStandaloneSupport/UnityEditor.WindowsStandalone.Extensions.dll
Registered in 0.003538 seconds.
Native extension for WindowsStandalone target not found
Native extension for WebGL target not found
Refreshing native plugins compatible for Editor in 45.37 ms, found 3 plugins.
Preloading 0 native plugins for Editor in 0.00 ms.
Invoked RoslynAnalysisRunner static constructor.
RoslynAnalysisRunner will not be running.
RoslynAnalysisRunner has terminated.
Mono: successfully reloaded assembly
- Completed reload, in  2.154 seconds
Platform modules already initialized, skipping
Registering precompiled user dll's ...
Registered in 0.005375 seconds.
Begin MonoManager ReloadAssembly
Native extension for WindowsStandalone target not found
Native extension for WebGL target not found
Refreshing native plugins compatible for Editor in 45.11 ms, found 3 plugins.
Preloading 0 native plugins for Editor in 0.00 ms.
Invoked RoslynAnalysisRunner static constructor.
RoslynAnalysisRunner will not be running.
RoslynAnalysisRunner has terminated.
Mono: successfully reloaded assembly
- Completed reload, in  1.081 seconds
Platform modules already initialized, skipping
========================================================================
Worker process is ready to serve import requests
Launched and connected shader compiler UnityShaderCompiler.exe after 0.06 seconds
Refreshing native plugins compatible for Editor in 0.87 ms, found 3 plugins.
Preloading 0 native plugins for Editor in 0.00 ms.
Unloading 2362 Unused Serialized files (Serialized files now loaded: 0)
System memory in use before: 106.2 MB.
System memory in use after: 106.4 MB.

Unloading 33 unused Assets to reduce memory usage. Loaded Objects now: 2801.
Total: 2.664800 ms (FindLiveObjects: 0.355500 ms CreateObjectMapping: 0.060900 ms MarkObjects: 2.115100 ms  DeleteObjects: 0.132000 ms)

========================================================================
Received Import Request.
  path: Assets/01.Scripts/Enemy/Boss/BossTrigger.cs
  artifactKey: Guid(54bcd61c9c8f4b94c96caba1b5f774cc) Importer(815301076,1909f56bfc062723c751e8b465ee728b)
Start importing Assets/01.Scripts/Enemy/Boss/BossTrigger.cs using Guid(54bcd61c9c8f4b94c96caba1b5f774cc) Importer(815301076,1909f56bfc062723c751e8b465ee728b)  -> (artifact id: '7e418a8773afa8647720b4f8dc6411ca') in 0.037207 seconds
  Import took 0.042001 seconds .

========================================================================
Received Prepare
Registering precompiled user dll's ...
Registered in 0.005521 seconds.
Begin MonoManager ReloadAssembly
Native extension for WindowsStandalone target not found
Native extension for WebGL target not found
Refreshing native plugins compatible for Editor in 0.67 ms, found 3 plugins.
Preloading 0 native plugins for Editor in 0.00 ms.
Invoked RoslynAnalysisRunner static constructor.
RoslynAnalysisRunner will not be running.
RoslynAnalysisRunner has terminated.
Mono: successfully reloaded assembly
- Completed reload, in  0.981 seconds
Platform modules already initialized, skipping
Refreshing native plugins compatible for Editor in 0.64 ms, found 3 plugins.
Preloading 0 native plugins for Editor in 0.00 ms.
Unloading 2339 Unused Serialized files (Serialized files now loaded: 0)
System memory in use before: 104.6 MB.
System memory in use after: 104.8 MB.

Unloading 22 unused Assets to reduce memory usage. Loaded Objects now: 2803.
Total: 2.690800 ms (FindLiveObjects: 0.508400 ms CreateObjectMapping: 0.065900 ms MarkObjects: 2.002500 ms  DeleteObjects: 0.111600 ms)

========================================================================
Received Prepare
Registering precompiled user dll's ...
Registered in 0.005027 seconds.
Begin MonoManager ReloadAssembly
Native extension for WindowsStandalone target not found
Native extension for WebGL target not found
Refreshing native plugins compatible for Editor in 0.69 ms, found 3 plugins.
Preloading 0 native plugins for Editor in 0.00 ms.
Invoked RoslynAnalysisRunner static constructor.
RoslynAnalysisRunner will not be running.
RoslynAnalysisRunner has terminated.
Mono: successfully reloaded assembly
- Completed reload, in  0.959 seconds
Platform modules already initialized, skipping
Refreshing native plugins compatible for Editor in 0.63 ms, found 3 plugins.
Preloading 0 native plugins for Editor in 0.00 ms.
Unloading 2339 Unused Serialized files (Serialized files now loaded: 0)
System memory in use before: 104.7 MB.
System memory in use after: 104.8 MB.

Unloading 22 unused Assets to reduce memory usage. Loaded Objects now: 2805.
Total: 2.343200 ms (FindLiveObjects: 0.347500 ms CreateObjectMapping: 0.061400 ms MarkObjects: 1.835700 ms  DeleteObjects: 0.097500 ms)

========================================================================
Received Prepare
Registering precompiled user dll's ...
Registered in 0.005607 seconds.
Begin MonoManager ReloadAssembly
Native extension for WindowsStandalone target not found
Native extension for WebGL target not found
Refreshing native plugins compatible for Editor in 0.72 ms, found 3 plugins.
Preloading 0 native plugins for Editor in 0.00 ms.
Invoked RoslynAnalysisRunner static constructor.
RoslynAnalysisRunner will not be running.
RoslynAnalysisRunner has terminated.
Mono: successfully reloaded assembly
- Completed reload, in  0.993 seconds
Platform modules already initialized, skipping
Refreshing native plugins compatible for Editor in 0.73 ms, found 3 plugins.
Preloading 0 native plugins for Editor in 0.00 ms.
Unloading 2339 Unused Serialized files (Serialized files now loaded: 0)
System memory in use before: 104.7 MB.
System memory in use after: 104.8 MB.

Unloading 22 unused Assets to reduce memory usage. Loaded Objects now: 2807.
Total: 3.578800 ms (FindLiveObjects: 0.345900 ms CreateObjectMapping: 0.060300 ms MarkObjects: 3.036500 ms  DeleteObjects: 0.134400 ms)

========================================================================
Received Prepare
Registering precompiled user dll's ...
Registered in 0.005025 seconds.
Begin MonoManager ReloadAssembly
Native extension for WindowsStandalone target not found
Native extension for WebGL target not found
Refreshing native plugins compatible for Editor in 0.67 ms, found 3 plugins.
Preloading 0 native plugins for Editor in 0.00 ms.
Invoked RoslynAnalysisRunner static constructor.
RoslynAnalysisRunner will not be running.
RoslynAnalysisRunner has terminated.
Mono: successfully reloaded assembly
- Completed reload, in  0.978 seconds
Platform modules already initialized, skipping
Refreshing native plugins compatible for Editor in 0.67 ms, found 3 plugins.
Preloading 0 native plugins for Editor in 0.00 ms.
Unloading 2339 Unused Serialized files (Serialized files now loaded: 0)
System memory in use before: 104.7 MB.
System memory in use after: 104.8 MB.

Unloading 22 unused Assets to reduce memory usage. Loaded Objects now: 2809.
Total: 3.600100 ms (FindLiveObjects: 0.627000 ms CreateObjectMapping: 0.175200 ms MarkObjects: 2.615900 ms  DeleteObjects: 0.180700 ms)

========================================================================
Received Prepare
Registering precompiled user dll's ...
Registered in 0.004736 seconds.
Begin MonoManager ReloadAssembly
Native extension for WindowsStandalone target not found
Native extension for WebGL target not found
Refreshing native plugins compatible for Editor in 0.83 ms, found 3 plugins.
Preloading 0 native plugins for Editor in 0.00 ms.
Invoked RoslynAnalysisRunner static constructor.
RoslynAnalysisRunner will not be running.
RoslynAnalysisRunner has terminated.
Mono: successfully reloaded assembly
- Completed reload, in  0.981 seconds
Platform modules already initialized, skipping
Refreshing native plugins compatible for Editor in 0.84 ms, found 3 plugins.
Preloading 0 native plugins for Editor in 0.00 ms.
Unloading 2339 Unused Serialized files (Serialized files now loaded: 0)
System memory in use before: 104.6 MB.
System memory in use after: 104.8 MB.

Unloading 22 unused Assets to reduce memory usage. Loaded Objects now: 2811.
Total: 3.989100 ms (FindLiveObjects: 0.568700 ms CreateObjectMapping: 0.070500 ms MarkObjects: 3.237300 ms  DeleteObjects: 0.111200 ms)

========================================================================
Received Prepare
Registering precompiled user dll's ...
Registered in 0.004939 seconds.
Begin MonoManager ReloadAssembly
Native extension for WindowsStandalone target not found
Native extension for WebGL target not found
Refreshing native plugins compatible for Editor in 0.68 ms, found 3 plugins.
Preloading 0 native plugins for Editor in 0.00 ms.
Invoked RoslynAnalysisRunner static constructor.
RoslynAnalysisRunner will not be running.
RoslynAnalysisRunner has terminated.
Mono: successfully reloaded assembly
- Completed reload, in  0.948 seconds
Platform modules already initialized, skipping
Refreshing native plugins compatible for Editor in 0.67 ms, found 3 plugins.
Preloading 0 native plugins for Editor in 0.00 ms.
Unloading 2339 Unused Serialized files (Serialized files now loaded: 0)
System memory in use before: 104.7 MB.
System memory in use after: 104.9 MB.

Unloading 22 unused Assets to reduce memory usage. Loaded Objects now: 2813.
Total: 3.361800 ms (FindLiveObjects: 0.555800 ms CreateObjectMapping: 0.067500 ms MarkObjects: 2.620600 ms  DeleteObjects: 0.116400 ms)

========================================================================
Received Prepare
Registering precompiled user dll's ...
Registered in 0.005511 seconds.
Begin MonoManager ReloadAssembly
Native extension for WindowsStandalone target not found
Native extension for WebGL target not found
Refreshing native plugins compatible for Editor in 0.88 ms, found 3 plugins.
Preloading 0 native plugins for Editor in 0.00 ms.
Invoked RoslynAnalysisRunner static constructor.
RoslynAnalysisRunner will not be running.
RoslynAnalysisRunner has terminated.
Mono: successfully reloaded assembly
- Completed reload, in  0.971 seconds
Platform modules already initialized, skipping
Refreshing native plugins compatible for Editor in 0.69 ms, found 3 plugins.
Preloading 0 native plugins for Editor in 0.00 ms.
Unloading 2339 Unused Serialized files (Serialized files now loaded: 0)
System memory in use before: 104.7 MB.
System memory in use after: 104.9 MB.

Unloading 22 unused Assets to reduce memory usage. Loaded Objects now: 2815.
Total: 2.325300 ms (FindLiveObjects: 0.324200 ms CreateObjectMapping: 0.059100 ms MarkObjects: 1.836400 ms  DeleteObjects: 0.104000 ms)

========================================================================
Received Prepare
Registering precompiled user dll's ...
Registered in 0.005817 seconds.
Begin MonoManager ReloadAssembly
Native extension for WindowsStandalone target not found
Native extension for WebGL target not found
Refreshing native plugins compatible for Editor in 0.78 ms, found 3 plugins.
Preloading 0 native plugins for Editor in 0.00 ms.
Invoked RoslynAnalysisRunner static constructor.
RoslynAnalysisRunner will not be running.
RoslynAnalysisRunner has terminated.
Mono: successfully reloaded assembly
- Completed reload, in  0.966 seconds
Platform modules already initialized, skipping
Refreshing native plugins compatible for Editor in 0.70 ms, found 3 plugins.
Preloading 0 native plugins for Editor in 0.00 ms.
Unloading 2339 Unused Serialized files (Serialized files now loaded: 0)
System memory in use before: 104.7 MB.
System memory in use after: 104.9 MB.

Unloading 22 unused Assets to reduce memory usage. Loaded Objects now: 2817.
Total: 2.621700 ms (FindLiveObjects: 0.486600 ms CreateObjectMapping: 0.060900 ms MarkObjects: 1.959000 ms  DeleteObjects: 0.113400 ms)

========================================================================
Received Prepare
Registering precompiled user dll's ...
Registered in 0.006098 seconds.
Begin MonoManager ReloadAssembly
Native extension for WindowsStandalone target not found
Native extension for WebGL target not found
Refreshing native plugins compatible for Editor in 0.84 ms, found 3 plugins.
Preloading 0 native plugins for Editor in 0.00 ms.
Invoked RoslynAnalysisRunner static constructor.
RoslynAnalysisRunner will not be running.
RoslynAnalysisRunner has terminated.
Mono: successfully reloaded assembly
- Completed reload, in  0.979 seconds
Platform modules already initialized, skipping
Refreshing native plugins compatible for Editor in 0.93 ms, found 3 plugins.
Preloading 0 native plugins for Editor in 0.00 ms.
Unloading 2339 Unused Serialized files (Serialized files now loaded: 0)
System memory in use before: 104.8 MB.
System memory in use after: 104.9 MB.

Unloading 22 unused Assets to reduce memory usage. Loaded Objects now: 2819.
Total: 3.212900 ms (FindLiveObjects: 0.327700 ms CreateObjectMapping: 0.063700 ms MarkObjects: 2.700800 ms  DeleteObjects: 0.119800 ms)

========================================================================
Received Prepare
Registering precompiled user dll's ...
Registered in 0.005509 seconds.
Begin MonoManager ReloadAssembly
Native extension for WindowsStandalone target not found
Native extension for WebGL target not found
Refreshing native plugins compatible for Editor in 0.80 ms, found 3 plugins.
Preloading 0 native plugins for Editor in 0.00 ms.
Invoked RoslynAnalysisRunner static constructor.
RoslynAnalysisRunner will not be running.
RoslynAnalysisRunner has terminated.
Mono: successfully reloaded assembly
- Completed reload, in  1.056 seconds
Platform modules already initialized, skipping
Refreshing native plugins compatible for Editor in 0.72 ms, found 3 plugins.
Preloading 0 native plugins for Editor in 0.00 ms.
Unloading 2339 Unused Serialized files (Serialized files now loaded: 0)
System memory in use before: 104.7 MB.
System memory in use after: 104.8 MB.

Unloading 22 unused Assets to reduce memory usage. Loaded Objects now: 2821.
Total: 3.086900 ms (FindLiveObjects: 0.376300 ms CreateObjectMapping: 0.073400 ms MarkObjects: 2.518100 ms  DeleteObjects: 0.117600 ms)

========================================================================
Received Prepare
Registering precompiled user dll's ...
Registered in 0.005356 seconds.
Begin MonoManager ReloadAssembly
Native extension for WindowsStandalone target not found
Native extension for WebGL target not found
Refreshing native plugins compatible for Editor in 0.65 ms, found 3 plugins.
Preloading 0 native plugins for Editor in 0.00 ms.
Invoked RoslynAnalysisRunner static constructor.
RoslynAnalysisRunner will not be running.
RoslynAnalysisRunner has terminated.
Mono: successfully reloaded assembly
- Completed reload, in  0.993 seconds
Platform modules already initialized, skipping
Refreshing native plugins compatible for Editor in 0.76 ms, found 3 plugins.
Preloading 0 native plugins for Editor in 0.00 ms.
Unloading 2339 Unused Serialized files (Serialized files now loaded: 0)
System memory in use before: 104.8 MB.
System memory in use after: 104.9 MB.

Unloading 22 unused Assets to reduce memory usage. Loaded Objects now: 2823.
Total: 4.093500 ms (FindLiveObjects: 0.457000 ms CreateObjectMapping: 0.070500 ms MarkObjects: 3.439900 ms  DeleteObjects: 0.124300 ms)

========================================================================
Received Prepare
Registering precompiled user dll's ...
Registered in 0.005060 seconds.
Begin MonoManager ReloadAssembly
Native extension for WindowsStandalone target not found
Native extension for WebGL target not found
Refreshing native plugins compatible for Editor in 0.81 ms, found 3 plugins.
Preloading 0 native plugins for Editor in 0.00 ms.
Invoked RoslynAnalysisRunner static constructor.
RoslynAnalysisRunner will not be running.
RoslynAnalysisRunner has terminated.
Mono: successfully reloaded assembly
- Completed reload, in  0.984 seconds
Platform modules already initialized, skipping
Refreshing native plugins compatible for Editor in 0.66 ms, found 3 plugins.
Preloading 0 native plugins for Editor in 0.00 ms.
Unloading 2339 Unused Serialized files (Serialized files now loaded: 0)
System memory in use before: 104.8 MB.
System memory in use after: 104.9 MB.

Unloading 22 unused Assets to reduce memory usage. Loaded Objects now: 2825.
Total: 2.595600 ms (FindLiveObjects: 0.480400 ms CreateObjectMapping: 0.061700 ms MarkObjects: 1.949100 ms  DeleteObjects: 0.103300 ms)

========================================================================
Received Prepare
Registering precompiled user dll's ...
Registered in 0.005403 seconds.
Begin MonoManager ReloadAssembly
Native extension for WindowsStandalone target not found
Native extension for WebGL target not found
Refreshing native plugins compatible for Editor in 0.65 ms, found 3 plugins.
Preloading 0 native plugins for Editor in 0.00 ms.
Invoked RoslynAnalysisRunner static constructor.
RoslynAnalysisRunner will not be running.
RoslynAnalysisRunner has terminated.
Mono: successfully reloaded assembly
- Completed reload, in  0.936 seconds
Platform modules already initialized, skipping
Refreshing native plugins compatible for Editor in 0.83 ms, found 3 plugins.
Preloading 0 native plugins for Editor in 0.00 ms.
Unloading 2339 Unused Serialized files (Serialized files now loaded: 0)
System memory in use before: 104.8 MB.
System memory in use after: 104.9 MB.

Unloading 22 unused Assets to reduce memory usage. Loaded Objects now: 2827.
Total: 2.634900 ms (FindLiveObjects: 0.340500 ms CreateObjectMapping: 0.061100 ms MarkObjects: 2.101200 ms  DeleteObjects: 0.131100 ms)

========================================================================
Received Import Request.
  Time since last request: 1097.746073 seconds.
  path: Assets/01.Scripts/Core/UIManager.cs
  artifactKey: Guid(26448a5ca07b28649b0c7ffd8faf3d21) Importer(815301076,1909f56bfc062723c751e8b465ee728b)
Start importing Assets/01.Scripts/Core/UIManager.cs using Guid(26448a5ca07b28649b0c7ffd8faf3d21) Importer(815301076,1909f56bfc062723c751e8b465ee728b)  -> (artifact id: '8961be5db31bcbed12bbf69a79dac804') in 0.012734 seconds
  Import took 0.017524 seconds .

========================================================================
Received Prepare
Registering precompiled user dll's ...
Registered in 0.006631 seconds.
Begin MonoManager ReloadAssembly
Native extension for WindowsStandalone target not found
Native extension for WebGL target not found
Refreshing native plugins compatible for Editor in 0.81 ms, found 3 plugins.
Preloading 0 native plugins for Editor in 0.00 ms.
Invoked RoslynAnalysisRunner static constructor.
RoslynAnalysisRunner will not be running.
RoslynAnalysisRunner has terminated.
Mono: successfully reloaded assembly
- Completed reload, in  0.978 seconds
Platform modules already initialized, skipping
Refreshing native plugins compatible for Editor in 0.74 ms, found 3 plugins.
Preloading 0 native plugins for Editor in 0.00 ms.
Unloading 2339 Unused Serialized files (Serialized files now loaded: 0)
System memory in use before: 104.8 MB.
System memory in use after: 104.9 MB.

Unloading 22 unused Assets to reduce memory usage. Loaded Objects now: 2829.
Total: 4.002400 ms (FindLiveObjects: 0.798500 ms CreateObjectMapping: 0.119300 ms MarkObjects: 2.919800 ms  DeleteObjects: 0.162400 ms)

========================================================================
Received Prepare
Registering precompiled user dll's ...
Registered in 0.005431 seconds.
Begin MonoManager ReloadAssembly
Native extension for WindowsStandalone target not found
Native extension for WebGL target not found
Refreshing native plugins compatible for Editor in 0.69 ms, found 3 plugins.
Preloading 0 native plugins for Editor in 0.00 ms.
Invoked RoslynAnalysisRunner static constructor.
RoslynAnalysisRunner will not be running.
RoslynAnalysisRunner has terminated.
Mono: successfully reloaded assembly
- Completed reload, in  0.962 seconds
Platform modules already initialized, skipping
Refreshing native plugins compatible for Editor in 0.63 ms, found 3 plugins.
Preloading 0 native plugins for Editor in 0.00 ms.
Unloading 2339 Unused Serialized files (Serialized files now loaded: 0)
System memory in use before: 104.7 MB.
System memory in use after: 104.8 MB.

Unloading 22 unused Assets to reduce memory usage. Loaded Objects now: 2831.
Total: 2.991600 ms (FindLiveObjects: 0.403700 ms CreateObjectMapping: 0.059300 ms MarkObjects: 2.410600 ms  DeleteObjects: 0.116200 ms)

========================================================================
Received Import Request.
  Time since last request: 379.584003 seconds.
  path: Assets/03.Prefabs/ETC/Coin.prefab
  artifactKey: Guid(ec58177afbce7d14ca04c318ed7a621f) Importer(815301076,1909f56bfc062723c751e8b465ee728b)
Start importing Assets/03.Prefabs/ETC/Coin.prefab using Guid(ec58177afbce7d14ca04c318ed7a621f) Importer(815301076,1909f56bfc062723c751e8b465ee728b)  -> (artifact id: 'd6bde829ce8d7f6db5f2dff24d8cbd5e') in 0.085358 seconds
  Import took 0.090184 seconds .

========================================================================
Received Prepare
Registering precompiled user dll's ...
Registered in 0.005173 seconds.
Begin MonoManager ReloadAssembly
Native extension for WindowsStandalone target not found
Native extension for WebGL target not found
Refreshing native plugins compatible for Editor in 0.64 ms, found 3 plugins.
Preloading 0 native plugins for Editor in 0.00 ms.
Invoked RoslynAnalysisRunner static constructor.
RoslynAnalysisRunner will not be running.
RoslynAnalysisRunner has terminated.
Mono: successfully reloaded assembly
- Completed reload, in  0.949 seconds
Platform modules already initialized, skipping
Refreshing native plugins compatible for Editor in 0.74 ms, found 3 plugins.
Preloading 0 native plugins for Editor in 0.00 ms.
Unloading 2339 Unused Serialized files (Serialized files now loaded: 0)
System memory in use before: 107.8 MB.
System memory in use after: 107.9 MB.

Unloading 22 unused Assets to reduce memory usage. Loaded Objects now: 2840.
Total: 2.515300 ms (FindLiveObjects: 0.357800 ms CreateObjectMapping: 0.074600 ms MarkObjects: 1.981300 ms  DeleteObjects: 0.100100 ms)

========================================================================
Received Import Request.
  Time since last request: 278.153771 seconds.
  path: Assets/Resources/profile3.png
  artifactKey: Guid(b289650e08923d745a5359226dbae414) Importer(815301076,1909f56bfc062723c751e8b465ee728b)
Start importing Assets/Resources/profile3.png using Guid(b289650e08923d745a5359226dbae414) Importer(815301076,1909f56bfc062723c751e8b465ee728b)  -> (artifact id: '8bb35b02701cbd07153626f6cdad7af0') in 0.059241 seconds
  Import took 0.064450 seconds .

========================================================================
Received Import Request.
  Time since last request: 3.749097 seconds.
  path: Assets/Resources/profile3 1.png
  artifactKey: Guid(13e418ec19b7b1246b4607132ec9bbf5) Importer(815301076,1909f56bfc062723c751e8b465ee728b)
Start importing Assets/Resources/profile3 1.png using Guid(13e418ec19b7b1246b4607132ec9bbf5) Importer(815301076,1909f56bfc062723c751e8b465ee728b)  -> (artifact id: '1f0cc089661b3d9a67b31676fa5b052a') in 0.014448 seconds
  Import took 0.019970 seconds .

========================================================================
Received Import Request.
  Time since last request: 14.239209 seconds.
  path: Assets/04.Sprites/jumpBoot.png
  artifactKey: Guid(13e418ec19b7b1246b4607132ec9bbf5) Importer(815301076,1909f56bfc062723c751e8b465ee728b)
Start importing Assets/04.Sprites/jumpBoot.png using Guid(13e418ec19b7b1246b4607132ec9bbf5) Importer(815301076,1909f56bfc062723c751e8b465ee728b)  -> (artifact id: '5bf5a5fa7e5671b986e5ada07c2c5e36') in 0.012480 seconds
  Import took 0.016923 seconds .

========================================================================
Received Import Request.
  Time since last request: 3.809779 seconds.
  path: Assets/04.Sprites/jumpBoots.png
  artifactKey: Guid(13e418ec19b7b1246b4607132ec9bbf5) Importer(815301076,1909f56bfc062723c751e8b465ee728b)
Start importing Assets/04.Sprites/jumpBoots.png using Guid(13e418ec19b7b1246b4607132ec9bbf5) Importer(815301076,1909f56bfc062723c751e8b465ee728b)  -> (artifact id: '0637abf0c83a27cac15eda3be3852bd4') in 0.010040 seconds
  Import took 0.015580 seconds .

========================================================================
Received Import Request.
  Time since last request: 21.563514 seconds.
  path: Assets/03.Prefabs/ETC/LootBox.prefab
  artifactKey: Guid(83a977a836251b5479ef0a79898add56) Importer(815301076,1909f56bfc062723c751e8b465ee728b)
Start importing Assets/03.Prefabs/ETC/LootBox.prefab using Guid(83a977a836251b5479ef0a79898add56) Importer(815301076,1909f56bfc062723c751e8b465ee728b)  -> (artifact id: 'a7ab8576ad11b6f3616f953d570d6501') in 0.033627 seconds
  Import took 0.038707 seconds .

========================================================================
Received Import Request.
  Time since last request: 21.275515 seconds.
  path: Assets/04.Sprites/jumpBoots.png
  artifactKey: Guid(13e418ec19b7b1246b4607132ec9bbf5) Importer(815301076,1909f56bfc062723c751e8b465ee728b)
Start importing Assets/04.Sprites/jumpBoots.png using Guid(13e418ec19b7b1246b4607132ec9bbf5) Importer(815301076,1909f56bfc062723c751e8b465ee728b)  -> (artifact id: '366684de29effb389485034988081e2b') in 0.009187 seconds
  Import took 0.013541 seconds .

========================================================================
Received Import Request.
  Time since last request: 4.132909 seconds.
  path: Assets/04.Sprites/jumpBoots.png
  artifactKey: Guid(13e418ec19b7b1246b4607132ec9bbf5) Importer(815301076,1909f56bfc062723c751e8b465ee728b)
Start importing Assets/04.Sprites/jumpBoots.png using Guid(13e418ec19b7b1246b4607132ec9bbf5) Importer(815301076,1909f56bfc062723c751e8b465ee728b)  -> (artifact id: '7c39edeb517af3ce8f2ac18a29e1c201') in 0.007509 seconds
  Import took 0.012085 seconds .

========================================================================
Received Import Request.
  Time since last request: 56.499583 seconds.
  path: Assets/01.Scripts/Item/JumpBoot.cs
  artifactKey: Guid(3634d2353130f814c8392ab96166303e) Importer(815301076,1909f56bfc062723c751e8b465ee728b)
Start importing Assets/01.Scripts/Item/JumpBoot.cs using Guid(3634d2353130f814c8392ab96166303e) Importer(815301076,1909f56bfc062723c751e8b465ee728b)  -> (artifact id: 'b136faa1d22938bad4f8da025613e777') in 0.007931 seconds
  Import took 0.013223 seconds .

========================================================================
Received Prepare
Registering precompiled user dll's ...
Registered in 0.006698 seconds.
Begin MonoManager ReloadAssembly
Native extension for WindowsStandalone target not found
Native extension for WebGL target not found
Refreshing native plugins compatible for Editor in 0.94 ms, found 3 plugins.
Preloading 0 native plugins for Editor in 0.00 ms.
Invoked RoslynAnalysisRunner static constructor.
RoslynAnalysisRunner will not be running.
RoslynAnalysisRunner has terminated.
Mono: successfully reloaded assembly
- Completed reload, in  1.006 seconds
Platform modules already initialized, skipping
Refreshing native plugins compatible for Editor in 0.68 ms, found 3 plugins.
Preloading 0 native plugins for Editor in 0.00 ms.
Unloading 2340 Unused Serialized files (Serialized files now loaded: 0)
System memory in use before: 107.8 MB.
System memory in use after: 108.0 MB.

Unloading 22 unused Assets to reduce memory usage. Loaded Objects now: 2847.
Total: 3.386500 ms (FindLiveObjects: 0.376600 ms CreateObjectMapping: 0.061800 ms MarkObjects: 2.776900 ms  DeleteObjects: 0.168700 ms)

========================================================================
Received Import Request.
  Time since last request: 13.972981 seconds.
  path: Assets/03.Prefabs/ETC/jumpBoots.prefab
  artifactKey: Guid(bb5a1beb60446984b95a312f54e56a78) Importer(815301076,1909f56bfc062723c751e8b465ee728b)
Start importing Assets/03.Prefabs/ETC/jumpBoots.prefab using Guid(bb5a1beb60446984b95a312f54e56a78) Importer(815301076,1909f56bfc062723c751e8b465ee728b)  -> (artifact id: '0583d2816d8cd48a6e7eff0e0761a899') in 0.052740 seconds
  Import took 0.057599 seconds .

========================================================================
Received Import Request.
  Time since last request: 73.243867 seconds.
  path: Assets/01.Scripts/Item/UniqueItem.cs
  artifactKey: Guid(5310a3139eef97340b8c65b1d1a86745) Importer(815301076,1909f56bfc062723c751e8b465ee728b)
Start importing Assets/01.Scripts/Item/UniqueItem.cs using Guid(5310a3139eef97340b8c65b1d1a86745) Importer(815301076,1909f56bfc062723c751e8b465ee728b)  -> (artifact id: '34a99a4a7a112b82703f6d5db2633afb') in 0.008078 seconds
  Import took 0.012418 seconds .

========================================================================
Received Prepare
Registering precompiled user dll's ...
Registered in 0.005855 seconds.
Begin MonoManager ReloadAssembly
Native extension for WindowsStandalone target not found
Native extension for WebGL target not found
Refreshing native plugins compatible for Editor in 0.72 ms, found 3 plugins.
Preloading 0 native plugins for Editor in 0.00 ms.
Invoked RoslynAnalysisRunner static constructor.
RoslynAnalysisRunner will not be running.
RoslynAnalysisRunner has terminated.
Mono: successfully reloaded assembly
- Completed reload, in  1.006 seconds
Platform modules already initialized, skipping
Refreshing native plugins compatible for Editor in 0.63 ms, found 3 plugins.
Preloading 0 native plugins for Editor in 0.00 ms.
Unloading 2341 Unused Serialized files (Serialized files now loaded: 0)
System memory in use before: 107.9 MB.
System memory in use after: 108.0 MB.

Unloading 22 unused Assets to reduce memory usage. Loaded Objects now: 2851.
Total: 2.379200 ms (FindLiveObjects: 0.352800 ms CreateObjectMapping: 0.060100 ms MarkObjects: 1.867500 ms  DeleteObjects: 0.097900 ms)

========================================================================
Received Import Request.
  Time since last request: 10.015170 seconds.
  path: Assets/01.Scripts/Item/UniqueItem.cs
  artifactKey: Guid(5310a3139eef97340b8c65b1d1a86745) Importer(815301076,1909f56bfc062723c751e8b465ee728b)
Start importing Assets/01.Scripts/Item/UniqueItem.cs using Guid(5310a3139eef97340b8c65b1d1a86745) Importer(815301076,1909f56bfc062723c751e8b465ee728b)  -> (artifact id: 'd5d542477e8c1d1e7728ce1d3428910e') in 0.006604 seconds
  Import took 0.011037 seconds .

========================================================================
Received Prepare
Registering precompiled user dll's ...
Registered in 0.005504 seconds.
Begin MonoManager ReloadAssembly
Native extension for WindowsStandalone target not found
Native extension for WebGL target not found
Refreshing native plugins compatible for Editor in 0.68 ms, found 3 plugins.
Preloading 0 native plugins for Editor in 0.00 ms.
Invoked RoslynAnalysisRunner static constructor.
RoslynAnalysisRunner will not be running.
RoslynAnalysisRunner has terminated.
Mono: successfully reloaded assembly
- Completed reload, in  0.991 seconds
Platform modules already initialized, skipping
Refreshing native plugins compatible for Editor in 0.64 ms, found 3 plugins.
Preloading 0 native plugins for Editor in 0.00 ms.
Unloading 2341 Unused Serialized files (Serialized files now loaded: 0)
System memory in use before: 107.9 MB.
System memory in use after: 108.0 MB.

Unloading 22 unused Assets to reduce memory usage. Loaded Objects now: 2853.
Total: 3.944400 ms (FindLiveObjects: 0.400300 ms CreateObjectMapping: 0.068200 ms MarkObjects: 3.170400 ms  DeleteObjects: 0.303000 ms)

========================================================================
Received Import Request.
  Time since last request: 7.220739 seconds.
  path: Assets/01.Scripts/Item/UniqueItem.cs
  artifactKey: Guid(5310a3139eef97340b8c65b1d1a86745) Importer(815301076,1909f56bfc062723c751e8b465ee728b)
Start importing Assets/01.Scripts/Item/UniqueItem.cs using Guid(5310a3139eef97340b8c65b1d1a86745) Importer(815301076,1909f56bfc062723c751e8b465ee728b)  -> (artifact id: '1eb85a01e43bfd72b53b76597b793fa2') in 0.006211 seconds
  Import took 0.010626 seconds .

========================================================================
Received Prepare
Registering precompiled user dll's ...
Registered in 0.005355 seconds.
Begin MonoManager ReloadAssembly
Native extension for WindowsStandalone target not found
Native extension for WebGL target not found
Refreshing native plugins compatible for Editor in 0.69 ms, found 3 plugins.
Preloading 0 native plugins for Editor in 0.00 ms.
Invoked RoslynAnalysisRunner static constructor.
RoslynAnalysisRunner will not be running.
RoslynAnalysisRunner has terminated.
Mono: successfully reloaded assembly
- Completed reload, in  0.972 seconds
Platform modules already initialized, skipping
Refreshing native plugins compatible for Editor in 1.09 ms, found 3 plugins.
Preloading 0 native plugins for Editor in 0.00 ms.
Unloading 2341 Unused Serialized files (Serialized files now loaded: 0)
System memory in use before: 107.8 MB.
System memory in use after: 107.9 MB.

Unloading 22 unused Assets to reduce memory usage. Loaded Objects now: 2855.
Total: 2.911900 ms (FindLiveObjects: 0.381200 ms CreateObjectMapping: 0.066600 ms MarkObjects: 2.347300 ms  DeleteObjects: 0.115800 ms)

========================================================================
Received Import Request.
  Time since last request: 10.703738 seconds.
  path: Assets/01.Scripts/Item/UniqueItem.cs
  artifactKey: Guid(5310a3139eef97340b8c65b1d1a86745) Importer(815301076,1909f56bfc062723c751e8b465ee728b)
Start importing Assets/01.Scripts/Item/UniqueItem.cs using Guid(5310a3139eef97340b8c65b1d1a86745) Importer(815301076,1909f56bfc062723c751e8b465ee728b)  -> (artifact id: '3e029fd753b720d120d3cfb51d520364') in 0.007317 seconds
  Import took 0.011925 seconds .

========================================================================
Received Import Request.
  Time since last request: 0.090493 seconds.
  path: Assets/01.Scripts/Item/UniqueItem.cs
  artifactKey: Guid(5310a3139eef97340b8c65b1d1a86745) Importer(815301076,1909f56bfc062723c751e8b465ee728b)
Start importing Assets/01.Scripts/Item/UniqueItem.cs using Guid(5310a3139eef97340b8c65b1d1a86745) Importer(815301076,1909f56bfc062723c751e8b465ee728b)  -> (artifact id: '3e029fd753b720d120d3cfb51d520364') in 0.002513 seconds
  Import took 0.007704 seconds .

========================================================================
Received Prepare
Registering precompiled user dll's ...
Registered in 0.005103 seconds.
Begin MonoManager ReloadAssembly
Native extension for WindowsStandalone target not found
Native extension for WebGL target not found
Refreshing native plugins compatible for Editor in 0.70 ms, found 3 plugins.
Preloading 0 native plugins for Editor in 0.00 ms.
Invoked RoslynAnalysisRunner static constructor.
RoslynAnalysisRunner will not be running.
RoslynAnalysisRunner has terminated.
Mono: successfully reloaded assembly
- Completed reload, in  0.987 seconds
Platform modules already initialized, skipping
Refreshing native plugins compatible for Editor in 0.69 ms, found 3 plugins.
Preloading 0 native plugins for Editor in 0.00 ms.
Unloading 2341 Unused Serialized files (Serialized files now loaded: 0)
System memory in use before: 107.9 MB.
System memory in use after: 108.0 MB.

Unloading 22 unused Assets to reduce memory usage. Loaded Objects now: 2857.
Total: 3.179900 ms (FindLiveObjects: 0.659100 ms CreateObjectMapping: 0.080600 ms MarkObjects: 2.329500 ms  DeleteObjects: 0.109100 ms)

========================================================================
Received Import Request.
  Time since last request: 16.996075 seconds.
  path: Assets/01.Scripts/Item/UniqueItem.cs
  artifactKey: Guid(5310a3139eef97340b8c65b1d1a86745) Importer(815301076,1909f56bfc062723c751e8b465ee728b)
Start importing Assets/01.Scripts/Item/UniqueItem.cs using Guid(5310a3139eef97340b8c65b1d1a86745) Importer(815301076,1909f56bfc062723c751e8b465ee728b)  -> (artifact id: '7eaefc111fb6f3c33bda7e717c33e0e9') in 0.008520 seconds
  Import took 0.013155 seconds .

========================================================================
Received Import Request.
  Time since last request: 0.077851 seconds.
  path: Assets/01.Scripts/Item/UniqueItem.cs
  artifactKey: Guid(5310a3139eef97340b8c65b1d1a86745) Importer(815301076,1909f56bfc062723c751e8b465ee728b)
Start importing Assets/01.Scripts/Item/UniqueItem.cs using Guid(5310a3139eef97340b8c65b1d1a86745) Importer(815301076,1909f56bfc062723c751e8b465ee728b)  -> (artifact id: '7eaefc111fb6f3c33bda7e717c33e0e9') in 0.002770 seconds
  Import took 0.008195 seconds .

========================================================================
Received Prepare
Registering precompiled user dll's ...
Registered in 0.004823 seconds.
Begin MonoManager ReloadAssembly
Native extension for WindowsStandalone target not found
Native extension for WebGL target not found
Refreshing native plugins compatible for Editor in 0.70 ms, found 3 plugins.
Preloading 0 native plugins for Editor in 0.00 ms.
Invoked RoslynAnalysisRunner static constructor.
RoslynAnalysisRunner will not be running.
RoslynAnalysisRunner has terminated.
Mono: successfully reloaded assembly
- Completed reload, in  0.998 seconds
Platform modules already initialized, skipping
Refreshing native plugins compatible for Editor in 0.65 ms, found 3 plugins.
Preloading 0 native plugins for Editor in 0.00 ms.
Unloading 2341 Unused Serialized files (Serialized files now loaded: 0)
System memory in use before: 107.9 MB.
System memory in use after: 108.0 MB.

Unloading 22 unused Assets to reduce memory usage. Loaded Objects now: 2859.
Total: 2.983200 ms (FindLiveObjects: 0.394400 ms CreateObjectMapping: 0.061700 ms MarkObjects: 2.389300 ms  DeleteObjects: 0.136600 ms)

========================================================================
Received Import Request.
  Time since last request: 5.544537 seconds.
  path: Assets/01.Scripts/Item/UniqueItem.cs
  artifactKey: Guid(5310a3139eef97340b8c65b1d1a86745) Importer(815301076,1909f56bfc062723c751e8b465ee728b)
Start importing Assets/01.Scripts/Item/UniqueItem.cs using Guid(5310a3139eef97340b8c65b1d1a86745) Importer(815301076,1909f56bfc062723c751e8b465ee728b)  -> (artifact id: 'f8c25fa82eeaefe607f51cdd241e613c') in 0.007328 seconds
  Import took 0.011948 seconds .

========================================================================
Received Import Request.
  Time since last request: 0.085505 seconds.
  path: Assets/01.Scripts/Item/UniqueItem.cs
  artifactKey: Guid(5310a3139eef97340b8c65b1d1a86745) Importer(815301076,1909f56bfc062723c751e8b465ee728b)
Start importing Assets/01.Scripts/Item/UniqueItem.cs using Guid(5310a3139eef97340b8c65b1d1a86745) Importer(815301076,1909f56bfc062723c751e8b465ee728b)  -> (artifact id: 'f8c25fa82eeaefe607f51cdd241e613c') in 0.003081 seconds
  Import took 0.008254 seconds .

========================================================================
Received Prepare
Registering precompiled user dll's ...
Registered in 0.005137 seconds.
Begin MonoManager ReloadAssembly
Native extension for WindowsStandalone target not found
Native extension for WebGL target not found
Refreshing native plugins compatible for Editor in 0.77 ms, found 3 plugins.
Preloading 0 native plugins for Editor in 0.00 ms.
Invoked RoslynAnalysisRunner static constructor.
RoslynAnalysisRunner will not be running.
RoslynAnalysisRunner has terminated.
Mono: successfully reloaded assembly
- Completed reload, in  0.989 seconds
Platform modules already initialized, skipping
Refreshing native plugins compatible for Editor in 0.72 ms, found 3 plugins.
Preloading 0 native plugins for Editor in 0.00 ms.
Unloading 2341 Unused Serialized files (Serialized files now loaded: 0)
System memory in use before: 107.9 MB.
System memory in use after: 108.0 MB.

Unloading 22 unused Assets to reduce memory usage. Loaded Objects now: 2861.
Total: 2.639100 ms (FindLiveObjects: 0.358400 ms CreateObjectMapping: 0.059600 ms MarkObjects: 2.098500 ms  DeleteObjects: 0.121300 ms)

========================================================================
Received Import Request.
  Time since last request: 17.753871 seconds.
  path: Assets/01.Scripts/Item/UniqueItem.cs
  artifactKey: Guid(5310a3139eef97340b8c65b1d1a86745) Importer(815301076,1909f56bfc062723c751e8b465ee728b)
Start importing Assets/01.Scripts/Item/UniqueItem.cs using Guid(5310a3139eef97340b8c65b1d1a86745) Importer(815301076,1909f56bfc062723c751e8b465ee728b)  -> (artifact id: '3630758b7e10942aa8e65c0d7aac7784') in 0.007810 seconds
  Import took 0.012019 seconds .

========================================================================
Received Prepare
Registering precompiled user dll's ...
Registered in 0.007178 seconds.
Begin MonoManager ReloadAssembly
Native extension for WindowsStandalone target not found
Native extension for WebGL target not found
Refreshing native plugins compatible for Editor in 1.04 ms, found 3 plugins.
Preloading 0 native plugins for Editor in 0.00 ms.
Invoked RoslynAnalysisRunner static constructor.
RoslynAnalysisRunner will not be running.
RoslynAnalysisRunner has terminated.
Mono: successfully reloaded assembly
- Completed reload, in  0.969 seconds
Platform modules already initialized, skipping
Refreshing native plugins compatible for Editor in 1.05 ms, found 3 plugins.
Preloading 0 native plugins for Editor in 0.00 ms.
Unloading 2341 Unused Serialized files (Serialized files now loaded: 0)
System memory in use before: 107.9 MB.
System memory in use after: 108.0 MB.

Unloading 22 unused Assets to reduce memory usage. Loaded Objects now: 2863.
Total: 3.240400 ms (FindLiveObjects: 0.378200 ms CreateObjectMapping: 0.060800 ms MarkObjects: 2.665900 ms  DeleteObjects: 0.133800 ms)

========================================================================
Received Import Request.
  Time since last request: 11.615788 seconds.
  path: Assets/01.Scripts/Item/UniqueItem.cs
  artifactKey: Guid(5310a3139eef97340b8c65b1d1a86745) Importer(815301076,1909f56bfc062723c751e8b465ee728b)
Start importing Assets/01.Scripts/Item/UniqueItem.cs using Guid(5310a3139eef97340b8c65b1d1a86745) Importer(815301076,1909f56bfc062723c751e8b465ee728b)  -> (artifact id: 'fa8fa56a4c3bffe10ed15225eafdbc9c') in 0.006575 seconds
  Import took 0.011565 seconds .

========================================================================
Received Import Request.
  Time since last request: 22.665826 seconds.
  path: Assets/01.Scripts/Item/UniqueItem.cs
  artifactKey: Guid(5310a3139eef97340b8c65b1d1a86745) Importer(815301076,1909f56bfc062723c751e8b465ee728b)
Start importing Assets/01.Scripts/Item/UniqueItem.cs using Guid(5310a3139eef97340b8c65b1d1a86745) Importer(815301076,1909f56bfc062723c751e8b465ee728b)  -> (artifact id: 'd73fb87fb418db9321b18b162a5a4d9e') in 0.003438 seconds
  Import took 0.008169 seconds .

========================================================================
Received Import Request.
  Time since last request: 11.671632 seconds.
  path: Assets/01.Scripts/Item/UniqueItem.cs
  artifactKey: Guid(5310a3139eef97340b8c65b1d1a86745) Importer(815301076,1909f56bfc062723c751e8b465ee728b)
Start importing Assets/01.Scripts/Item/UniqueItem.cs using Guid(5310a3139eef97340b8c65b1d1a86745) Importer(815301076,1909f56bfc062723c751e8b465ee728b)  -> (artifact id: '1937784b7efdee9dd0cfb76ed5197a78') in 0.003810 seconds
  Import took 0.007916 seconds .

========================================================================
Received Prepare
Registering precompiled user dll's ...
Registered in 0.006877 seconds.
Begin MonoManager ReloadAssembly
Native extension for WindowsStandalone target not found
Native extension for WebGL target not found
Refreshing native plugins compatible for Editor in 0.75 ms, found 3 plugins.
Preloading 0 native plugins for Editor in 0.00 ms.
Invoked RoslynAnalysisRunner static constructor.
RoslynAnalysisRunner will not be running.
RoslynAnalysisRunner has terminated.
Mono: successfully reloaded assembly
- Completed reload, in  0.974 seconds
Platform modules already initialized, skipping
Refreshing native plugins compatible for Editor in 0.70 ms, found 3 plugins.
Preloading 0 native plugins for Editor in 0.00 ms.
Unloading 2341 Unused Serialized files (Serialized files now loaded: 0)
System memory in use before: 107.8 MB.
System memory in use after: 107.9 MB.

Unloading 22 unused Assets to reduce memory usage. Loaded Objects now: 2865.
Total: 2.927300 ms (FindLiveObjects: 0.358900 ms CreateObjectMapping: 0.062200 ms MarkObjects: 2.381100 ms  DeleteObjects: 0.123700 ms)

========================================================================
Received Import Request.
  Time since last request: 39.018090 seconds.
  path: Assets/01.Scripts/Item/UniqueItem.cs
  artifactKey: Guid(5310a3139eef97340b8c65b1d1a86745) Importer(815301076,1909f56bfc062723c751e8b465ee728b)
Start importing Assets/01.Scripts/Item/UniqueItem.cs using Guid(5310a3139eef97340b8c65b1d1a86745) Importer(815301076,1909f56bfc062723c751e8b465ee728b)  -> (artifact id: '1f3ea62fa5df204efffadb852faddac6') in 0.006630 seconds
  Import took 0.011972 seconds .

========================================================================
Received Import Request.
  Time since last request: 0.237342 seconds.
  path: Assets/01.Scripts/Item/UniqueItem.cs
  artifactKey: Guid(5310a3139eef97340b8c65b1d1a86745) Importer(815301076,1909f56bfc062723c751e8b465ee728b)
Start importing Assets/01.Scripts/Item/UniqueItem.cs using Guid(5310a3139eef97340b8c65b1d1a86745) Importer(815301076,1909f56bfc062723c751e8b465ee728b)  -> (artifact id: '1f3ea62fa5df204efffadb852faddac6') in 0.002939 seconds
  Import took 0.007449 seconds .

========================================================================
Received Prepare
Registering precompiled user dll's ...
Registered in 0.005483 seconds.
Begin MonoManager ReloadAssembly
Native extension for WindowsStandalone target not found
Native extension for WebGL target not found
Refreshing native plugins compatible for Editor in 0.83 ms, found 3 plugins.
Preloading 0 native plugins for Editor in 0.00 ms.
Invoked RoslynAnalysisRunner static constructor.
RoslynAnalysisRunner will not be running.
RoslynAnalysisRunner has terminated.
Mono: successfully reloaded assembly
- Completed reload, in  1.018 seconds
Platform modules already initialized, skipping
Refreshing native plugins compatible for Editor in 0.78 ms, found 3 plugins.
Preloading 0 native plugins for Editor in 0.00 ms.
Unloading 2341 Unused Serialized files (Serialized files now loaded: 0)
System memory in use before: 107.9 MB.
System memory in use after: 108.0 MB.

Unloading 22 unused Assets to reduce memory usage. Loaded Objects now: 2867.
Total: 2.550300 ms (FindLiveObjects: 0.333900 ms CreateObjectMapping: 0.059000 ms MarkObjects: 2.051400 ms  DeleteObjects: 0.105000 ms)

========================================================================
Received Prepare
Registering precompiled user dll's ...
Registered in 0.005095 seconds.
Begin MonoManager ReloadAssembly
Native extension for WindowsStandalone target not found
Native extension for WebGL target not found
Refreshing native plugins compatible for Editor in 0.64 ms, found 3 plugins.
Preloading 0 native plugins for Editor in 0.00 ms.
Invoked RoslynAnalysisRunner static constructor.
RoslynAnalysisRunner will not be running.
RoslynAnalysisRunner has terminated.
Mono: successfully reloaded assembly
- Completed reload, in  0.976 seconds
Platform modules already initialized, skipping
Refreshing native plugins compatible for Editor in 1.08 ms, found 3 plugins.
Preloading 0 native plugins for Editor in 0.00 ms.
Unloading 2341 Unused Serialized files (Serialized files now loaded: 0)
System memory in use before: 107.9 MB.
System memory in use after: 108.0 MB.

Unloading 22 unused Assets to reduce memory usage. Loaded Objects now: 2869.
Total: 2.915900 ms (FindLiveObjects: 0.574900 ms CreateObjectMapping: 0.065000 ms MarkObjects: 2.169200 ms  DeleteObjects: 0.105500 ms)

========================================================================
Received Prepare
Registering precompiled user dll's ...
Registered in 0.005522 seconds.
Begin MonoManager ReloadAssembly
Native extension for WindowsStandalone target not found
Native extension for WebGL target not found
Refreshing native plugins compatible for Editor in 1.05 ms, found 3 plugins.
Preloading 0 native plugins for Editor in 0.00 ms.
Invoked RoslynAnalysisRunner static constructor.
RoslynAnalysisRunner will not be running.
RoslynAnalysisRunner has terminated.
Mono: successfully reloaded assembly
- Completed reload, in  0.978 seconds
Platform modules already initialized, skipping
Refreshing native plugins compatible for Editor in 1.72 ms, found 3 plugins.
Preloading 0 native plugins for Editor in 0.00 ms.
Unloading 2341 Unused Serialized files (Serialized files now loaded: 0)
System memory in use before: 107.9 MB.
System memory in use after: 108.1 MB.

Unloading 22 unused Assets to reduce memory usage. Loaded Objects now: 2871.
Total: 3.798100 ms (FindLiveObjects: 0.332200 ms CreateObjectMapping: 0.063900 ms MarkObjects: 3.208600 ms  DeleteObjects: 0.191900 ms)

========================================================================
Received Prepare
Registering precompiled user dll's ...
Registered in 0.005083 seconds.
Begin MonoManager ReloadAssembly
Native extension for WindowsStandalone target not found
Native extension for WebGL target not found
Refreshing native plugins compatible for Editor in 0.70 ms, found 3 plugins.
Preloading 0 native plugins for Editor in 0.00 ms.
Invoked RoslynAnalysisRunner static constructor.
RoslynAnalysisRunner will not be running.
RoslynAnalysisRunner has terminated.
Mono: successfully reloaded assembly
- Completed reload, in  0.962 seconds
Platform modules already initialized, skipping
Refreshing native plugins compatible for Editor in 0.64 ms, found 3 plugins.
Preloading 0 native plugins for Editor in 0.00 ms.
Unloading 2341 Unused Serialized files (Serialized files now loaded: 0)
System memory in use before: 107.9 MB.
System memory in use after: 108.1 MB.

Unloading 22 unused Assets to reduce memory usage. Loaded Objects now: 2873.
Total: 3.290300 ms (FindLiveObjects: 0.360100 ms CreateObjectMapping: 0.063300 ms MarkObjects: 2.731800 ms  DeleteObjects: 0.133600 ms)

========================================================================
Received Prepare
Registering precompiled user dll's ...
Registered in 0.006262 seconds.
Begin MonoManager ReloadAssembly
Native extension for WindowsStandalone target not found
Native extension for WebGL target not found
Refreshing native plugins compatible for Editor in 0.68 ms, found 3 plugins.
Preloading 0 native plugins for Editor in 0.00 ms.
Invoked RoslynAnalysisRunner static constructor.
RoslynAnalysisRunner will not be running.
RoslynAnalysisRunner has terminated.
Mono: successfully reloaded assembly
- Completed reload, in  1.012 seconds
Platform modules already initialized, skipping
Refreshing native plugins compatible for Editor in 0.69 ms, found 3 plugins.
Preloading 0 native plugins for Editor in 0.00 ms.
Unloading 2341 Unused Serialized files (Serialized files now loaded: 0)
System memory in use before: 107.8 MB.
System memory in use after: 108.0 MB.

Unloading 22 unused Assets to reduce memory usage. Loaded Objects now: 2875.
Total: 2.415300 ms (FindLiveObjects: 0.352300 ms CreateObjectMapping: 0.062000 ms MarkObjects: 1.897300 ms  DeleteObjects: 0.102900 ms)

========================================================================
Received Prepare
Registering precompiled user dll's ...
Registered in 0.005458 seconds.
Begin MonoManager ReloadAssembly
Native extension for WindowsStandalone target not found
Native extension for WebGL target not found
Refreshing native plugins compatible for Editor in 0.97 ms, found 3 plugins.
Preloading 0 native plugins for Editor in 0.00 ms.
Invoked RoslynAnalysisRunner static constructor.
RoslynAnalysisRunner will not be running.
RoslynAnalysisRunner has terminated.
Mono: successfully reloaded assembly
- Completed reload, in  0.981 seconds
Platform modules already initialized, skipping
Refreshing native plugins compatible for Editor in 1.08 ms, found 3 plugins.
Preloading 0 native plugins for Editor in 0.00 ms.
Unloading 2341 Unused Serialized files (Serialized files now loaded: 0)
System memory in use before: 107.9 MB.
System memory in use after: 108.1 MB.

Unloading 22 unused Assets to reduce memory usage. Loaded Objects now: 2877.
Total: 2.419100 ms (FindLiveObjects: 0.364400 ms CreateObjectMapping: 0.060200 ms MarkObjects: 1.884900 ms  DeleteObjects: 0.108600 ms)

========================================================================
Received Prepare
Registering precompiled user dll's ...
Registered in 0.006838 seconds.
Begin MonoManager ReloadAssembly
Native extension for WindowsStandalone target not found
Native extension for WebGL target not found
Refreshing native plugins compatible for Editor in 0.67 ms, found 3 plugins.
Preloading 0 native plugins for Editor in 0.00 ms.
Invoked RoslynAnalysisRunner static constructor.
RoslynAnalysisRunner will not be running.
RoslynAnalysisRunner has terminated.
Mono: successfully reloaded assembly
- Completed reload, in  0.984 seconds
Platform modules already initialized, skipping
Refreshing native plugins compatible for Editor in 0.66 ms, found 3 plugins.
Preloading 0 native plugins for Editor in 0.00 ms.
Unloading 2341 Unused Serialized files (Serialized files now loaded: 0)
System memory in use before: 107.9 MB.
System memory in use after: 108.1 MB.

Unloading 22 unused Assets to reduce memory usage. Loaded Objects now: 2879.
Total: 2.395300 ms (FindLiveObjects: 0.331700 ms CreateObjectMapping: 0.059300 ms MarkObjects: 1.890500 ms  DeleteObjects: 0.112600 ms)

========================================================================
Received Import Request.
  Time since last request: 126.164860 seconds.
  path: Assets/03.Prefabs/ETC/jumpBoots.prefab
  artifactKey: Guid(bb5a1beb60446984b95a312f54e56a78) Importer(815301076,1909f56bfc062723c751e8b465ee728b)
Start importing Assets/03.Prefabs/ETC/jumpBoots.prefab using Guid(bb5a1beb60446984b95a312f54e56a78) Importer(815301076,1909f56bfc062723c751e8b465ee728b)  -> (artifact id: '51849fce87955bacf57847d179025963') in 0.056131 seconds
  Import took 0.060918 seconds .

========================================================================
Received Prepare
Registering precompiled user dll's ...
Registered in 0.007032 seconds.
Begin MonoManager ReloadAssembly
Native extension for WindowsStandalone target not found
Native extension for WebGL target not found
Refreshing native plugins compatible for Editor in 0.95 ms, found 3 plugins.
Preloading 0 native plugins for Editor in 0.00 ms.
Invoked RoslynAnalysisRunner static constructor.
RoslynAnalysisRunner will not be running.
RoslynAnalysisRunner has terminated.
Mono: successfully reloaded assembly
- Completed reload, in  1.015 seconds
Platform modules already initialized, skipping
Refreshing native plugins compatible for Editor in 0.65 ms, found 3 plugins.
Preloading 0 native plugins for Editor in 0.00 ms.
Unloading 2341 Unused Serialized files (Serialized files now loaded: 0)
System memory in use before: 108.0 MB.
System memory in use after: 108.1 MB.

Unloading 22 unused Assets to reduce memory usage. Loaded Objects now: 2882.
Total: 2.458400 ms (FindLiveObjects: 0.326500 ms CreateObjectMapping: 0.059400 ms MarkObjects: 1.970400 ms  DeleteObjects: 0.101100 ms)

========================================================================
Received Import Request.
  Time since last request: 296.465578 seconds.
  path: Assets/04.Sprites/hud elements/health_menu_hud_fix.png
  artifactKey: Guid(de7cae06893077e4db4aaeeff7104b1a) Importer(815301076,1909f56bfc062723c751e8b465ee728b)
Start importing Assets/04.Sprites/hud elements/health_menu_hud_fix.png using Guid(de7cae06893077e4db4aaeeff7104b1a) Importer(815301076,1909f56bfc062723c751e8b465ee728b)  -> (artifact id: 'c4d608a459f1d78a839723e6a1dd9917') in 0.050379 seconds
  Import took 0.055019 seconds .

========================================================================
Received Import Request.
  Time since last request: 0.472425 seconds.
  path: Assets/04.Sprites/hud elements/health_menu_hud_fix 1.png
  artifactKey: Guid(31fdcc886c271da4a9b9662006e82bc8) Importer(815301076,1909f56bfc062723c751e8b465ee728b)
Start importing Assets/04.Sprites/hud elements/health_menu_hud_fix 1.png using Guid(31fdcc886c271da4a9b9662006e82bc8) Importer(815301076,1909f56bfc062723c751e8b465ee728b)  -> (artifact id: 'f632e2772aa77b9340714b9762a61f12') in 0.010581 seconds
  Import took 0.015113 seconds .

========================================================================
Received Import Request.
  Time since last request: 9.241731 seconds.
  path: Assets/04.Sprites/hud elements/health_menu_hud_fix.png
  artifactKey: Guid(de7cae06893077e4db4aaeeff7104b1a) Importer(815301076,1909f56bfc062723c751e8b465ee728b)
Start importing Assets/04.Sprites/hud elements/health_menu_hud_fix.png using Guid(de7cae06893077e4db4aaeeff7104b1a) Importer(815301076,1909f56bfc062723c751e8b465ee728b)  -> (artifact id: 'af23671ec935d2a6a0bd60ba3b157919') in 0.009187 seconds
  Import took 0.013669 seconds .

========================================================================
Received Import Request.
  Time since last request: 123.649404 seconds.
  path: Assets/04.Sprites/hud elements/white.png
  artifactKey: Guid(97122b2a0a02e064ab0acefcbeca27a6) Importer(815301076,1909f56bfc062723c751e8b465ee728b)
Start importing Assets/04.Sprites/hud elements/white.png using Guid(97122b2a0a02e064ab0acefcbeca27a6) Importer(815301076,1909f56bfc062723c751e8b465ee728b)  -> (artifact id: '711f71175c67aacc0e57e33268d05eb4') in 0.013154 seconds
  Import took 0.017643 seconds .

========================================================================
Received Import Request.
  Time since last request: 40.130004 seconds.
  path: Assets/04.Sprites/hud elements/lifes_icon.png
  artifactKey: Guid(555adeb87b91e3e4d9be1b103e59ebd4) Importer(815301076,1909f56bfc062723c751e8b465ee728b)
Start importing Assets/04.Sprites/hud elements/lifes_icon.png using Guid(555adeb87b91e3e4d9be1b103e59ebd4) Importer(815301076,1909f56bfc062723c751e8b465ee728b)  -> (artifact id: '1157493fd6e1fa73a4ca4ce1c970776c') in 0.012561 seconds
  Import took 0.017513 seconds .

========================================================================
Received Import Request.
  Time since last request: 36.037932 seconds.
  path: Assets/04.Sprites/hud elements/coins_hud.png
  artifactKey: Guid(06d1f0bdcd1378e4eb6bbae5d88ac6c6) Importer(815301076,1909f56bfc062723c751e8b465ee728b)
Start importing Assets/04.Sprites/hud elements/coins_hud.png using Guid(06d1f0bdcd1378e4eb6bbae5d88ac6c6) Importer(815301076,1909f56bfc062723c751e8b465ee728b)  -> (artifact id: '2b0cf5623e010e73eb53b74484ffd14d') in 0.013487 seconds
  Import took 0.019237 seconds .

========================================================================
Received Prepare
Registering precompiled user dll's ...
Registered in 0.005955 seconds.
Begin MonoManager ReloadAssembly
Native extension for WindowsStandalone target not found
Native extension for WebGL target not found
Refreshing native plugins compatible for Editor in 0.65 ms, found 3 plugins.
Preloading 0 native plugins for Editor in 0.00 ms.
Invoked RoslynAnalysisRunner static constructor.
RoslynAnalysisRunner will not be running.
RoslynAnalysisRunner has terminated.
Mono: successfully reloaded assembly
- Completed reload, in  0.977 seconds
Platform modules already initialized, skipping
Refreshing native plugins compatible for Editor in 0.71 ms, found 3 plugins.
Preloading 0 native plugins for Editor in 0.00 ms.
Unloading 2341 Unused Serialized files (Serialized files now loaded: 0)
System memory in use before: 108.0 MB.
System memory in use after: 108.1 MB.

Unloading 22 unused Assets to reduce memory usage. Loaded Objects now: 2889.
Total: 3.143600 ms (FindLiveObjects: 0.573200 ms CreateObjectMapping: 0.081700 ms MarkObjects: 2.393400 ms  DeleteObjects: 0.093700 ms)

========================================================================
Received Prepare
Registering precompiled user dll's ...
Registered in 0.005496 seconds.
Begin MonoManager ReloadAssembly
Native extension for WindowsStandalone target not found
Native extension for WebGL target not found
Refreshing native plugins compatible for Editor in 0.71 ms, found 3 plugins.
Preloading 0 native plugins for Editor in 0.00 ms.
Invoked RoslynAnalysisRunner static constructor.
RoslynAnalysisRunner will not be running.
RoslynAnalysisRunner has terminated.
Mono: successfully reloaded assembly
- Completed reload, in  1.012 seconds
Platform modules already initialized, skipping
Refreshing native plugins compatible for Editor in 0.81 ms, found 3 plugins.
Preloading 0 native plugins for Editor in 0.00 ms.
Unloading 2341 Unused Serialized files (Serialized files now loaded: 0)
System memory in use before: 107.9 MB.
System memory in use after: 108.0 MB.

Unloading 22 unused Assets to reduce memory usage. Loaded Objects now: 2891.
Total: 2.662700 ms (FindLiveObjects: 0.359800 ms CreateObjectMapping: 0.060300 ms MarkObjects: 2.122700 ms  DeleteObjects: 0.118700 ms)

========================================================================
Received Prepare
Registering precompiled user dll's ...
Registered in 0.005196 seconds.
Begin MonoManager ReloadAssembly
Native extension for WindowsStandalone target not found
Native extension for WebGL target not found
Refreshing native plugins compatible for Editor in 0.68 ms, found 3 plugins.
Preloading 0 native plugins for Editor in 0.00 ms.
Invoked RoslynAnalysisRunner static constructor.
RoslynAnalysisRunner will not be running.
RoslynAnalysisRunner has terminated.
Mono: successfully reloaded assembly
- Completed reload, in  0.972 seconds
Platform modules already initialized, skipping
Refreshing native plugins compatible for Editor in 0.67 ms, found 3 plugins.
Preloading 0 native plugins for Editor in 0.00 ms.
Unloading 2341 Unused Serialized files (Serialized files now loaded: 0)
System memory in use before: 108.0 MB.
System memory in use after: 108.1 MB.

Unloading 22 unused Assets to reduce memory usage. Loaded Objects now: 2893.
Total: 2.346000 ms (FindLiveObjects: 0.329400 ms CreateObjectMapping: 0.058300 ms MarkObjects: 1.851400 ms  DeleteObjects: 0.105700 ms)

========================================================================
Received Prepare
Registering precompiled user dll's ...
Registered in 0.005517 seconds.
Begin MonoManager ReloadAssembly
Native extension for WindowsStandalone target not found
Native extension for WebGL target not found
Refreshing native plugins compatible for Editor in 0.70 ms, found 3 plugins.
Preloading 0 native plugins for Editor in 0.00 ms.
Invoked RoslynAnalysisRunner static constructor.
RoslynAnalysisRunner will not be running.
RoslynAnalysisRunner has terminated.
Mono: successfully reloaded assembly
- Completed reload, in  1.030 seconds
Platform modules already initialized, skipping
Refreshing native plugins compatible for Editor in 0.69 ms, found 3 plugins.
Preloading 0 native plugins for Editor in 0.00 ms.
Unloading 2341 Unused Serialized files (Serialized files now loaded: 0)
System memory in use before: 108.0 MB.
System memory in use after: 108.1 MB.

Unloading 22 unused Assets to reduce memory usage. Loaded Objects now: 2895.
Total: 2.937900 ms (FindLiveObjects: 0.512400 ms CreateObjectMapping: 0.069000 ms MarkObjects: 2.228800 ms  DeleteObjects: 0.126600 ms)

========================================================================
Received Prepare
Registering precompiled user dll's ...
Registered in 0.005941 seconds.
Begin MonoManager ReloadAssembly
Native extension for WindowsStandalone target not found
Native extension for WebGL target not found
Refreshing native plugins compatible for Editor in 0.67 ms, found 3 plugins.
Preloading 0 native plugins for Editor in 0.00 ms.
Invoked RoslynAnalysisRunner static constructor.
RoslynAnalysisRunner will not be running.
RoslynAnalysisRunner has terminated.
Mono: successfully reloaded assembly
- Completed reload, in  0.966 seconds
Platform modules already initialized, skipping
Refreshing native plugins compatible for Editor in 0.87 ms, found 3 plugins.
Preloading 0 native plugins for Editor in 0.00 ms.
Unloading 2341 Unused Serialized files (Serialized files now loaded: 0)
System memory in use before: 108.0 MB.
System memory in use after: 108.1 MB.

Unloading 22 unused Assets to reduce memory usage. Loaded Objects now: 2897.
Total: 2.571800 ms (FindLiveObjects: 0.395900 ms CreateObjectMapping: 0.062300 ms MarkObjects: 1.961300 ms  DeleteObjects: 0.151400 ms)

========================================================================
Received Prepare
Registering precompiled user dll's ...
Registered in 0.005240 seconds.
Begin MonoManager ReloadAssembly
Native extension for WindowsStandalone target not found
Native extension for WebGL target not found
Refreshing native plugins compatible for Editor in 0.85 ms, found 3 plugins.
Preloading 0 native plugins for Editor in 0.00 ms.
Invoked RoslynAnalysisRunner static constructor.
RoslynAnalysisRunner will not be running.
RoslynAnalysisRunner has terminated.
Mono: successfully reloaded assembly
- Completed reload, in  0.969 seconds
Platform modules already initialized, skipping
Refreshing native plugins compatible for Editor in 0.65 ms, found 3 plugins.
Preloading 0 native plugins for Editor in 0.00 ms.
Unloading 2341 Unused Serialized files (Serialized files now loaded: 0)
System memory in use before: 108.0 MB.
System memory in use after: 108.1 MB.

Unloading 22 unused Assets to reduce memory usage. Loaded Objects now: 2899.
Total: 2.389600 ms (FindLiveObjects: 0.333500 ms CreateObjectMapping: 0.062100 ms MarkObjects: 1.877800 ms  DeleteObjects: 0.115000 ms)

========================================================================
Received Prepare
Registering precompiled user dll's ...
Registered in 0.006484 seconds.
Begin MonoManager ReloadAssembly
Native extension for WindowsStandalone target not found
Native extension for WebGL target not found
Refreshing native plugins compatible for Editor in 0.66 ms, found 3 plugins.
Preloading 0 native plugins for Editor in 0.00 ms.
Invoked RoslynAnalysisRunner static constructor.
RoslynAnalysisRunner will not be running.
RoslynAnalysisRunner has terminated.
Mono: successfully reloaded assembly
- Completed reload, in  1.099 seconds
Platform modules already initialized, skipping
Refreshing native plugins compatible for Editor in 0.65 ms, found 3 plugins.
Preloading 0 native plugins for Editor in 0.00 ms.
Unloading 2341 Unused Serialized files (Serialized files now loaded: 0)
System memory in use before: 107.9 MB.
System memory in use after: 108.1 MB.

Unloading 22 unused Assets to reduce memory usage. Loaded Objects now: 2901.
Total: 2.364800 ms (FindLiveObjects: 0.353500 ms CreateObjectMapping: 0.062400 ms MarkObjects: 1.843900 ms  DeleteObjects: 0.104100 ms)

========================================================================
Received Prepare
Registering precompiled user dll's ...
Registered in 0.005533 seconds.
Begin MonoManager ReloadAssembly
Native extension for WindowsStandalone target not found
Native extension for WebGL target not found
Refreshing native plugins compatible for Editor in 0.72 ms, found 3 plugins.
Preloading 0 native plugins for Editor in 0.00 ms.
Invoked RoslynAnalysisRunner static constructor.
RoslynAnalysisRunner will not be running.
RoslynAnalysisRunner has terminated.
Mono: successfully reloaded assembly
- Completed reload, in  1.004 seconds
Platform modules already initialized, skipping
Refreshing native plugins compatible for Editor in 0.94 ms, found 3 plugins.
Preloading 0 native plugins for Editor in 0.00 ms.
Unloading 2341 Unused Serialized files (Serialized files now loaded: 0)
System memory in use before: 108.0 MB.
System memory in use after: 108.2 MB.

Unloading 22 unused Assets to reduce memory usage. Loaded Objects now: 2903.
Total: 2.537500 ms (FindLiveObjects: 0.484400 ms CreateObjectMapping: 0.062200 ms MarkObjects: 1.882900 ms  DeleteObjects: 0.106600 ms)

========================================================================
Received Prepare
Registering precompiled user dll's ...
Registered in 0.005023 seconds.
Begin MonoManager ReloadAssembly
Native extension for WindowsStandalone target not found
Native extension for WebGL target not found
Refreshing native plugins compatible for Editor in 0.78 ms, found 3 plugins.
Preloading 0 native plugins for Editor in 0.00 ms.
Invoked RoslynAnalysisRunner static constructor.
RoslynAnalysisRunner will not be running.
RoslynAnalysisRunner has terminated.
Mono: successfully reloaded assembly
- Completed reload, in  0.997 seconds
Platform modules already initialized, skipping
Refreshing native plugins compatible for Editor in 0.87 ms, found 3 plugins.
Preloading 0 native plugins for Editor in 0.00 ms.
Unloading 2341 Unused Serialized files (Serialized files now loaded: 0)
System memory in use before: 108.0 MB.
System memory in use after: 108.2 MB.

Unloading 22 unused Assets to reduce memory usage. Loaded Objects now: 2905.
Total: 2.614900 ms (FindLiveObjects: 0.389600 ms CreateObjectMapping: 0.061200 ms MarkObjects: 2.048900 ms  DeleteObjects: 0.114100 ms)

========================================================================
Received Prepare
Registering precompiled user dll's ...
Registered in 0.006205 seconds.
Begin MonoManager ReloadAssembly
Native extension for WindowsStandalone target not found
Native extension for WebGL target not found
Refreshing native plugins compatible for Editor in 0.65 ms, found 3 plugins.
Preloading 0 native plugins for Editor in 0.00 ms.
Invoked RoslynAnalysisRunner static constructor.
RoslynAnalysisRunner will not be running.
RoslynAnalysisRunner has terminated.
Mono: successfully reloaded assembly
- Completed reload, in  0.970 seconds
Platform modules already initialized, skipping
Refreshing native plugins compatible for Editor in 1.16 ms, found 3 plugins.
Preloading 0 native plugins for Editor in 0.00 ms.
Unloading 2341 Unused Serialized files (Serialized files now loaded: 0)
System memory in use before: 108.0 MB.
System memory in use after: 108.2 MB.

Unloading 22 unused Assets to reduce memory usage. Loaded Objects now: 2907.
Total: 2.820600 ms (FindLiveObjects: 0.368800 ms CreateObjectMapping: 0.059800 ms MarkObjects: 2.272800 ms  DeleteObjects: 0.118000 ms)

AssetImportWorkerClient::OnTransportError - code=2 error=End of file
